This file contains any messages produced by compilers while
running configure, to aid debugging if configure makes a mistake.

It was created by KLEE configure 0.01, which was
generated by GNU Autoconf 2.60.  Invocation command line was

  $ ./configure --with-llvm=/home/ubuntu/CLAP/llvm-2.9 --with-stp=/home/ubuntu/CLAP/stp_install/ --with-uclibc=/home/ubuntu/CLAP/klee-uclibc-0.02-x64 --enable-posix-runtime

## --------- ##
## Platform. ##
## --------- ##

hostname = nmachado-vm
uname -m = x86_64
uname -r = 3.5.0-22-generic
uname -s = Linux
uname -v = #34-Ubuntu SMP Tue Jan 8 21:47:00 UTC 2013

/usr/bin/uname -p = unknown
/bin/uname -X     = unknown

/bin/arch              = unknown
/usr/bin/arch -k       = unknown
/usr/convex/getsysinfo = unknown
/usr/bin/hostinfo      = unknown
/bin/machine           = unknown
/usr/bin/oslevel       = unknown
/bin/universe          = unknown

PATH: /usr/local/sbin
PATH: /usr/local/bin
PATH: /usr/sbin
PATH: /usr/bin
PATH: /sbin
PATH: /bin
PATH: /usr/games
PATH: /usr/local/games
PATH: /usr/local/go/bin
PATH: /home/ubuntu/Cloud9/depot_tools
PATH: /usr/include/x86_64-linux-gnu
PATH: /home/ubuntu/CLAP/llvm-gcc4.2-2.9-x86_64-linux/bin
PATH: /home/ubuntu/CLAP/llvm-2.9/Release+Asserts/bin
PATH: /home/ubuntu/home/ubuntu/CLAP/klee/Release+Asserts/bin


## ----------- ##
## Core tests. ##
## ----------- ##

configure:1817: checking build system type
configure:1835: result: x86_64-unknown-linux-gnu
configure:1857: checking host system type
configure:1872: result: x86_64-unknown-linux-gnu
configure:1894: checking target system type
configure:1909: result: x86_64-unknown-linux-gnu
configure:1938: checking type of operating system we're going to host on
configure:1950: result: 
configure:1961: checking llvm source dir
configure:2016: result: /home/ubuntu/CLAP/llvm-2.9
configure:2019: checking llvm obj dir
configure:2021: result: /home/ubuntu/CLAP/llvm-2.9
configure:2029: checking llvm package version
configure:2032: result: 2.9
configure:2037: checking llvm version major
configure:2040: result: 2
configure:2043: checking llvm version minor
configure:2046: result: 9
configure:2049: checking llvm is release version
configure:2057: result: 1
configure:2099: checking llvm build mode
configure:2122: result: Release+Asserts
configure:2140: checking uclibc
configure:2151: result: /home/ubuntu/CLAP/klee-uclibc-0.02-x64
configure:2182: checking POSIX runtime
configure:2201: result: yes
configure:2230: checking runtime configuration
configure:2240: result: Release+Asserts
configure:2339: checking for gcc
configure:2355: found /usr/bin/gcc
configure:2366: result: gcc
configure:2604: checking for C compiler version
configure:2611: gcc --version >&5
gcc (Ubuntu/Linaro 4.7.2-2ubuntu1) 4.7.2
Copyright (C) 2012 Free Software Foundation, Inc.
This is free software; see the source for copying conditions.  There is NO
warranty; not even for MERCHANTABILITY or FITNESS FOR A PARTICULAR PURPOSE.

configure:2614: $? = 0
configure:2621: gcc -v >&5
Using built-in specs.
COLLECT_GCC=gcc
COLLECT_LTO_WRAPPER=/usr/lib/gcc/x86_64-linux-gnu/4.7/lto-wrapper
Target: x86_64-linux-gnu
Configured with: ../src/configure -v --with-pkgversion='Ubuntu/Linaro 4.7.2-2ubuntu1' --with-bugurl=file:///usr/share/doc/gcc-4.7/README.Bugs --enable-languages=c,c++,go,fortran,objc,obj-c++ --prefix=/usr --program-suffix=-4.7 --enable-shared --enable-linker-build-id --with-system-zlib --libexecdir=/usr/lib --without-included-gettext --enable-threads=posix --with-gxx-include-dir=/usr/include/c++/4.7 --libdir=/usr/lib --enable-nls --with-sysroot=/ --enable-clocale=gnu --enable-libstdcxx-debug --enable-libstdcxx-time=yes --enable-gnu-unique-object --enable-plugin --enable-objc-gc --disable-werror --with-arch-32=i686 --with-tune=generic --enable-checking=release --build=x86_64-linux-gnu --host=x86_64-linux-gnu --target=x86_64-linux-gnu
Thread model: posix
gcc version 4.7.2 (Ubuntu/Linaro 4.7.2-2ubuntu1) 
configure:2624: $? = 0
configure:2631: gcc -V >&5
gcc: error: unrecognized command line option '-V'
gcc: fatal error: no input files
compilation terminated.
configure:2634: $? = 4
configure:2657: checking for C compiler default output file name
configure:2684: gcc    conftest.c  >&5
configure:2687: $? = 0
configure:2733: result: a.out
configure:2738: checking whether the C compiler works
configure:2748: ./a.out
configure:2751: $? = 0
configure:2768: result: yes
configure:2775: checking whether we are cross compiling
configure:2777: result: no
configure:2780: checking for suffix of executables
configure:2787: gcc -o conftest    conftest.c  >&5
configure:2790: $? = 0
configure:2814: result: 
configure:2820: checking for suffix of object files
configure:2846: gcc -c   conftest.c >&5
configure:2849: $? = 0
configure:2872: result: o
configure:2876: checking whether we are using the GNU C compiler
configure:2905: gcc -c   conftest.c >&5
configure:2911: $? = 0
configure:2918: test -z "$ac_c_werror_flag" || test ! -s conftest.err
configure:2921: $? = 0
configure:2928: test -s conftest.o
configure:2931: $? = 0
configure:2945: result: yes
configure:2950: checking whether gcc accepts -g
configure:2980: gcc -c -g  conftest.c >&5
configure:2986: $? = 0
configure:2993: test -z "$ac_c_werror_flag" || test ! -s conftest.err
configure:2996: $? = 0
configure:3003: test -s conftest.o
configure:3006: $? = 0
configure:3136: result: yes
configure:3153: checking for gcc option to accept ISO C89
configure:3227: gcc  -c -g -O2  conftest.c >&5
configure:3233: $? = 0
configure:3240: test -z "$ac_c_werror_flag" || test ! -s conftest.err
configure:3243: $? = 0
configure:3250: test -s conftest.o
configure:3253: $? = 0
configure:3273: result: none needed
configure:3297: checking how to run the C preprocessor
configure:3337: gcc -E  conftest.c
configure:3343: $? = 0
configure:3381: gcc -E  conftest.c
conftest.c:14:28: fatal error: ac_nonexistent.h: No such file or directory
compilation terminated.
configure:3387: $? = 1
configure: failed program was:
| /* confdefs.h.  */
| #define PACKAGE_NAME "KLEE"
| #define PACKAGE_TARNAME "-klee-"
| #define PACKAGE_VERSION "0.01"
| #define PACKAGE_STRING "KLEE 0.01"
| #define PACKAGE_BUGREPORT "daniel@minormatter.com"
| #define LLVM_VERSION_MAJOR 2
| #define LLVM_VERSION_MINOR 9
| #define LLVM_IS_RELEASE 1
| #define KLEE_UCLIBC "/home/ubuntu/CLAP/klee-uclibc-0.02-x64"
| #define RUNTIME_CONFIGURATION "Release+Asserts"
| #define HAVE_CTYPE_EXTERNALS 1
| /* end confdefs.h.  */
| #include <ac_nonexistent.h>
configure:3427: result: gcc -E
configure:3456: gcc -E  conftest.c
configure:3462: $? = 0
configure:3500: gcc -E  conftest.c
conftest.c:14:28: fatal error: ac_nonexistent.h: No such file or directory
compilation terminated.
configure:3506: $? = 1
configure: failed program was:
| /* confdefs.h.  */
| #define PACKAGE_NAME "KLEE"
| #define PACKAGE_TARNAME "-klee-"
| #define PACKAGE_VERSION "0.01"
| #define PACKAGE_STRING "KLEE 0.01"
| #define PACKAGE_BUGREPORT "daniel@minormatter.com"
| #define LLVM_VERSION_MAJOR 2
| #define LLVM_VERSION_MINOR 9
| #define LLVM_IS_RELEASE 1
| #define KLEE_UCLIBC "/home/ubuntu/CLAP/klee-uclibc-0.02-x64"
| #define RUNTIME_CONFIGURATION "Release+Asserts"
| #define HAVE_CTYPE_EXTERNALS 1
| /* end confdefs.h.  */
| #include <ac_nonexistent.h>
configure:3551: checking for grep that handles long lines and -e
configure:3625: result: /bin/grep
configure:3630: checking for egrep
configure:3708: result: /bin/grep -E
configure:3713: checking for ANSI C header files
configure:3743: gcc -c -g -O2  conftest.c >&5
configure:3749: $? = 0
configure:3756: test -z "$ac_c_werror_flag" || test ! -s conftest.err
configure:3759: $? = 0
configure:3766: test -s conftest.o
configure:3769: $? = 0
configure:3865: gcc -o conftest -g -O2   conftest.c  >&5
configure:3868: $? = 0
configure:3874: ./conftest
configure:3877: $? = 0
configure:3894: result: yes
configure:3918: checking for sys/types.h
configure:3939: gcc -c -g -O2  conftest.c >&5
configure:3945: $? = 0
configure:3952: test -z "$ac_c_werror_flag" || test ! -s conftest.err
configure:3955: $? = 0
configure:3962: test -s conftest.o
configure:3965: $? = 0
configure:3978: result: yes
configure:3918: checking for sys/stat.h
configure:3939: gcc -c -g -O2  conftest.c >&5
configure:3945: $? = 0
configure:3952: test -z "$ac_c_werror_flag" || test ! -s conftest.err
configure:3955: $? = 0
configure:3962: test -s conftest.o
configure:3965: $? = 0
configure:3978: result: yes
configure:3918: checking for stdlib.h
configure:3939: gcc -c -g -O2  conftest.c >&5
configure:3945: $? = 0
configure:3952: test -z "$ac_c_werror_flag" || test ! -s conftest.err
configure:3955: $? = 0
configure:3962: test -s conftest.o
configure:3965: $? = 0
configure:3978: result: yes
configure:3918: checking for string.h
configure:3939: gcc -c -g -O2  conftest.c >&5
configure:3945: $? = 0
configure:3952: test -z "$ac_c_werror_flag" || test ! -s conftest.err
configure:3955: $? = 0
configure:3962: test -s conftest.o
configure:3965: $? = 0
configure:3978: result: yes
configure:3918: checking for memory.h
configure:3939: gcc -c -g -O2  conftest.c >&5
configure:3945: $? = 0
configure:3952: test -z "$ac_c_werror_flag" || test ! -s conftest.err
configure:3955: $? = 0
configure:3962: test -s conftest.o
configure:3965: $? = 0
configure:3978: result: yes
configure:3918: checking for strings.h
configure:3939: gcc -c -g -O2  conftest.c >&5
configure:3945: $? = 0
configure:3952: test -z "$ac_c_werror_flag" || test ! -s conftest.err
configure:3955: $? = 0
configure:3962: test -s conftest.o
configure:3965: $? = 0
configure:3978: result: yes
configure:3918: checking for inttypes.h
configure:3939: gcc -c -g -O2  conftest.c >&5
configure:3945: $? = 0
configure:3952: test -z "$ac_c_werror_flag" || test ! -s conftest.err
configure:3955: $? = 0
configure:3962: test -s conftest.o
configure:3965: $? = 0
configure:3978: result: yes
configure:3918: checking for stdint.h
configure:3939: gcc -c -g -O2  conftest.c >&5
configure:3945: $? = 0
configure:3952: test -z "$ac_c_werror_flag" || test ! -s conftest.err
configure:3955: $? = 0
configure:3962: test -s conftest.o
configure:3965: $? = 0
configure:3978: result: yes
configure:3918: checking for unistd.h
configure:3939: gcc -c -g -O2  conftest.c >&5
configure:3945: $? = 0
configure:3952: test -z "$ac_c_werror_flag" || test ! -s conftest.err
configure:3955: $? = 0
configure:3962: test -s conftest.o
configure:3965: $? = 0
configure:3978: result: yes
configure:4005: checking sys/acl.h usability
configure:4022: gcc -c -g -O2  conftest.c >&5
conftest.c:57:21: fatal error: sys/acl.h: No such file or directory
compilation terminated.
configure:4028: $? = 1
configure: failed program was:
| /* confdefs.h.  */
| #define PACKAGE_NAME "KLEE"
| #define PACKAGE_TARNAME "-klee-"
| #define PACKAGE_VERSION "0.01"
| #define PACKAGE_STRING "KLEE 0.01"
| #define PACKAGE_BUGREPORT "daniel@minormatter.com"
| #define LLVM_VERSION_MAJOR 2
| #define LLVM_VERSION_MINOR 9
| #define LLVM_IS_RELEASE 1
| #define KLEE_UCLIBC "/home/ubuntu/CLAP/klee-uclibc-0.02-x64"
| #define RUNTIME_CONFIGURATION "Release+Asserts"
| #define HAVE_CTYPE_EXTERNALS 1
| #define STDC_HEADERS 1
| #define HAVE_SYS_TYPES_H 1
| #define HAVE_SYS_STAT_H 1
| #define HAVE_STDLIB_H 1
| #define HAVE_STRING_H 1
| #define HAVE_MEMORY_H 1
| #define HAVE_STRINGS_H 1
| #define HAVE_INTTYPES_H 1
| #define HAVE_STDINT_H 1
| #define HAVE_UNISTD_H 1
| /* end confdefs.h.  */
| #include <stdio.h>
| #if HAVE_SYS_TYPES_H
| # include <sys/types.h>
| #endif
| #if HAVE_SYS_STAT_H
| # include <sys/stat.h>
| #endif
| #if STDC_HEADERS
| # include <stdlib.h>
| # include <stddef.h>
| #else
| # if HAVE_STDLIB_H
| #  include <stdlib.h>
| # endif
| #endif
| #if HAVE_STRING_H
| # if !STDC_HEADERS && HAVE_MEMORY_H
| #  include <memory.h>
| # endif
| # include <string.h>
| #endif
| #if HAVE_STRINGS_H
| # include <strings.h>
| #endif
| #if HAVE_INTTYPES_H
| # include <inttypes.h>
| #endif
| #if HAVE_STDINT_H
| # include <stdint.h>
| #endif
| #if HAVE_UNISTD_H
| # include <unistd.h>
| #endif
| #include <sys/acl.h>
configure:4059: result: no
configure:4063: checking sys/acl.h presence
configure:4078: gcc -E  conftest.c
conftest.c:24:21: fatal error: sys/acl.h: No such file or directory
compilation terminated.
configure:4084: $? = 1
configure: failed program was:
| /* confdefs.h.  */
| #define PACKAGE_NAME "KLEE"
| #define PACKAGE_TARNAME "-klee-"
| #define PACKAGE_VERSION "0.01"
| #define PACKAGE_STRING "KLEE 0.01"
| #define PACKAGE_BUGREPORT "daniel@minormatter.com"
| #define LLVM_VERSION_MAJOR 2
| #define LLVM_VERSION_MINOR 9
| #define LLVM_IS_RELEASE 1
| #define KLEE_UCLIBC "/home/ubuntu/CLAP/klee-uclibc-0.02-x64"
| #define RUNTIME_CONFIGURATION "Release+Asserts"
| #define HAVE_CTYPE_EXTERNALS 1
| #define STDC_HEADERS 1
| #define HAVE_SYS_TYPES_H 1
| #define HAVE_SYS_STAT_H 1
| #define HAVE_STDLIB_H 1
| #define HAVE_STRING_H 1
| #define HAVE_MEMORY_H 1
| #define HAVE_STRINGS_H 1
| #define HAVE_INTTYPES_H 1
| #define HAVE_STDINT_H 1
| #define HAVE_UNISTD_H 1
| /* end confdefs.h.  */
| #include <sys/acl.h>
configure:4105: result: no
configure:4138: checking for sys/acl.h
configure:4146: result: no
configure:4225: checking for g++
configure:4241: found /usr/bin/g++
configure:4252: result: g++
configure:4283: checking for C++ compiler version
configure:4290: g++ --version >&5
g++ (Ubuntu/Linaro 4.7.2-2ubuntu1) 4.7.2
Copyright (C) 2012 Free Software Foundation, Inc.
This is free software; see the source for copying conditions.  There is NO
warranty; not even for MERCHANTABILITY or FITNESS FOR A PARTICULAR PURPOSE.

configure:4293: $? = 0
configure:4300: g++ -v >&5
Using built-in specs.
COLLECT_GCC=g++
COLLECT_LTO_WRAPPER=/usr/lib/gcc/x86_64-linux-gnu/4.7/lto-wrapper
Target: x86_64-linux-gnu
Configured with: ../src/configure -v --with-pkgversion='Ubuntu/Linaro 4.7.2-2ubuntu1' --with-bugurl=file:///usr/share/doc/gcc-4.7/README.Bugs --enable-languages=c,c++,go,fortran,objc,obj-c++ --prefix=/usr --program-suffix=-4.7 --enable-shared --enable-linker-build-id --with-system-zlib --libexecdir=/usr/lib --without-included-gettext --enable-threads=posix --with-gxx-include-dir=/usr/include/c++/4.7 --libdir=/usr/lib --enable-nls --with-sysroot=/ --enable-clocale=gnu --enable-libstdcxx-debug --enable-libstdcxx-time=yes --enable-gnu-unique-object --enable-plugin --enable-objc-gc --disable-werror --with-arch-32=i686 --with-tune=generic --enable-checking=release --build=x86_64-linux-gnu --host=x86_64-linux-gnu --target=x86_64-linux-gnu
Thread model: posix
gcc version 4.7.2 (Ubuntu/Linaro 4.7.2-2ubuntu1) 
configure:4303: $? = 0
configure:4310: g++ -V >&5
g++: error: unrecognized command line option '-V'
g++: fatal error: no input files
compilation terminated.
configure:4313: $? = 4
configure:4316: checking whether we are using the GNU C++ compiler
configure:4345: g++ -c   conftest.cpp >&5
configure:4351: $? = 0
configure:4358: test -z "$ac_cxx_werror_flag" || test ! -s conftest.err
configure:4361: $? = 0
configure:4368: test -s conftest.o
configure:4371: $? = 0
configure:4385: result: yes
configure:4390: checking whether g++ accepts -g
configure:4420: g++ -c -g  conftest.cpp >&5
configure:4426: $? = 0
configure:4433: test -z "$ac_cxx_werror_flag" || test ! -s conftest.err
configure:4443: test -s conftest.o
configure:4446: $? = 0
configure:4576: result: yes
configure:4605: checking how to run the C++ preprocessor
configure:4641: g++ -E  conftest.cpp
configure:4647: $? = 0
configure:4685: g++ -E  conftest.cpp
conftest.cpp:24:28: fatal error: ac_nonexistent.h: No such file or directory
compilation terminated.
configure:4691: $? = 1
configure: failed program was:
| /* confdefs.h.  */
| #define PACKAGE_NAME "KLEE"
| #define PACKAGE_TARNAME "-klee-"
| #define PACKAGE_VERSION "0.01"
| #define PACKAGE_STRING "KLEE 0.01"
| #define PACKAGE_BUGREPORT "daniel@minormatter.com"
| #define LLVM_VERSION_MAJOR 2
| #define LLVM_VERSION_MINOR 9
| #define LLVM_IS_RELEASE 1
| #define KLEE_UCLIBC "/home/ubuntu/CLAP/klee-uclibc-0.02-x64"
| #define RUNTIME_CONFIGURATION "Release+Asserts"
| #define HAVE_CTYPE_EXTERNALS 1
| #define STDC_HEADERS 1
| #define HAVE_SYS_TYPES_H 1
| #define HAVE_SYS_STAT_H 1
| #define HAVE_STDLIB_H 1
| #define HAVE_STRING_H 1
| #define HAVE_MEMORY_H 1
| #define HAVE_STRINGS_H 1
| #define HAVE_INTTYPES_H 1
| #define HAVE_STDINT_H 1
| #define HAVE_UNISTD_H 1
| /* end confdefs.h.  */
| #include <ac_nonexistent.h>
configure:4731: result: g++ -E
configure:4760: g++ -E  conftest.cpp
configure:4766: $? = 0
configure:4804: g++ -E  conftest.cpp
conftest.cpp:24:28: fatal error: ac_nonexistent.h: No such file or directory
compilation terminated.
configure:4810: $? = 1
configure: failed program was:
| /* confdefs.h.  */
| #define PACKAGE_NAME "KLEE"
| #define PACKAGE_TARNAME "-klee-"
| #define PACKAGE_VERSION "0.01"
| #define PACKAGE_STRING "KLEE 0.01"
| #define PACKAGE_BUGREPORT "daniel@minormatter.com"
| #define LLVM_VERSION_MAJOR 2
| #define LLVM_VERSION_MINOR 9
| #define LLVM_IS_RELEASE 1
| #define KLEE_UCLIBC "/home/ubuntu/CLAP/klee-uclibc-0.02-x64"
| #define RUNTIME_CONFIGURATION "Release+Asserts"
| #define HAVE_CTYPE_EXTERNALS 1
| #define STDC_HEADERS 1
| #define HAVE_SYS_TYPES_H 1
| #define HAVE_SYS_STAT_H 1
| #define HAVE_STDLIB_H 1
| #define HAVE_STRING_H 1
| #define HAVE_MEMORY_H 1
| #define HAVE_STRINGS_H 1
| #define HAVE_INTTYPES_H 1
| #define HAVE_STDINT_H 1
| #define HAVE_UNISTD_H 1
| /* end confdefs.h.  */
| #include <ac_nonexistent.h>
configure:4870: checking selinux/selinux.h usability
configure:4887: g++ -c -g -O2  conftest.cpp >&5
conftest.cpp:57:29: fatal error: selinux/selinux.h: No such file or directory
compilation terminated.
configure:4893: $? = 1
configure: failed program was:
| /* confdefs.h.  */
| #define PACKAGE_NAME "KLEE"
| #define PACKAGE_TARNAME "-klee-"
| #define PACKAGE_VERSION "0.01"
| #define PACKAGE_STRING "KLEE 0.01"
| #define PACKAGE_BUGREPORT "daniel@minormatter.com"
| #define LLVM_VERSION_MAJOR 2
| #define LLVM_VERSION_MINOR 9
| #define LLVM_IS_RELEASE 1
| #define KLEE_UCLIBC "/home/ubuntu/CLAP/klee-uclibc-0.02-x64"
| #define RUNTIME_CONFIGURATION "Release+Asserts"
| #define HAVE_CTYPE_EXTERNALS 1
| #define STDC_HEADERS 1
| #define HAVE_SYS_TYPES_H 1
| #define HAVE_SYS_STAT_H 1
| #define HAVE_STDLIB_H 1
| #define HAVE_STRING_H 1
| #define HAVE_MEMORY_H 1
| #define HAVE_STRINGS_H 1
| #define HAVE_INTTYPES_H 1
| #define HAVE_STDINT_H 1
| #define HAVE_UNISTD_H 1
| /* end confdefs.h.  */
| #include <stdio.h>
| #if HAVE_SYS_TYPES_H
| # include <sys/types.h>
| #endif
| #if HAVE_SYS_STAT_H
| # include <sys/stat.h>
| #endif
| #if STDC_HEADERS
| # include <stdlib.h>
| # include <stddef.h>
| #else
| # if HAVE_STDLIB_H
| #  include <stdlib.h>
| # endif
| #endif
| #if HAVE_STRING_H
| # if !STDC_HEADERS && HAVE_MEMORY_H
| #  include <memory.h>
| # endif
| # include <string.h>
| #endif
| #if HAVE_STRINGS_H
| # include <strings.h>
| #endif
| #if HAVE_INTTYPES_H
| # include <inttypes.h>
| #endif
| #if HAVE_STDINT_H
| # include <stdint.h>
| #endif
| #if HAVE_UNISTD_H
| # include <unistd.h>
| #endif
| #include <selinux/selinux.h>
configure:4924: result: no
configure:4928: checking selinux/selinux.h presence
configure:4943: g++ -E  conftest.cpp
conftest.cpp:24:29: fatal error: selinux/selinux.h: No such file or directory
compilation terminated.
configure:4949: $? = 1
configure: failed program was:
| /* confdefs.h.  */
| #define PACKAGE_NAME "KLEE"
| #define PACKAGE_TARNAME "-klee-"
| #define PACKAGE_VERSION "0.01"
| #define PACKAGE_STRING "KLEE 0.01"
| #define PACKAGE_BUGREPORT "daniel@minormatter.com"
| #define LLVM_VERSION_MAJOR 2
| #define LLVM_VERSION_MINOR 9
| #define LLVM_IS_RELEASE 1
| #define KLEE_UCLIBC "/home/ubuntu/CLAP/klee-uclibc-0.02-x64"
| #define RUNTIME_CONFIGURATION "Release+Asserts"
| #define HAVE_CTYPE_EXTERNALS 1
| #define STDC_HEADERS 1
| #define HAVE_SYS_TYPES_H 1
| #define HAVE_SYS_STAT_H 1
| #define HAVE_STDLIB_H 1
| #define HAVE_STRING_H 1
| #define HAVE_MEMORY_H 1
| #define HAVE_STRINGS_H 1
| #define HAVE_INTTYPES_H 1
| #define HAVE_STDINT_H 1
| #define HAVE_UNISTD_H 1
| /* end confdefs.h.  */
| #include <selinux/selinux.h>
configure:4970: result: no
configure:5003: checking for selinux/selinux.h
configure:5011: result: no
configure:5054: checking stp/c_interface.h usability
configure:5071: g++ -c -g -O2  -I/home/ubuntu/CLAP/stp_install/include conftest.cpp >&5
configure:5077: $? = 0
configure:5084: test -z "$ac_cxx_werror_flag" || test ! -s conftest.err
configure:5087: $? = 0
configure:5094: test -s conftest.o
configure:5097: $? = 0
configure:5108: result: yes
configure:5112: checking stp/c_interface.h presence
configure:5127: g++ -E  -I/home/ubuntu/CLAP/stp_install/include conftest.cpp
configure:5133: $? = 0
configure:5154: result: yes
configure:5187: checking for stp/c_interface.h
configure:5194: result: yes
configure:5212: checking for vc_setInterfaceFlags in -lstp
configure:5247: g++ -o conftest -g -O2   conftest.cpp -lstp -L/home/ubuntu/CLAP/stp_install/lib  >&5
configure:5253: $? = 0
configure:5260: test -z "$ac_cxx_werror_flag" || test ! -s conftest.err
configure:5263: $? = 0
configure:5270: test -s conftest
configure:5273: $? = 0
configure:5287: result: yes
configure:5445: creating ./config.status

## ---------------------- ##
## Running config.status. ##
## ---------------------- ##

This file was extended by KLEE config.status 0.01, which was
generated by GNU Autoconf 2.60.  Invocation command line was

  CONFIG_FILES    = 
  CONFIG_HEADERS  = 
  CONFIG_LINKS    = 
  CONFIG_COMMANDS = 
  $ ./config.status 

on nmachado-vm

config.status:630: creating Makefile.config
config.status:630: creating include/klee/Config/config.h
config.status:864: executing setup commands
config.status:864: executing Makefile commands
config.status:864: executing Makefile.common commands
config.status:864: executing lib/Makefile commands
config.status:864: executing runtime/Makefile commands
config.status:864: executing stp/Makefile commands
config.status:864: executing test/Makefile commands
config.status:864: executing test/Makefile.tests commands
config.status:864: executing tools/Makefile commands
config.status:864: executing unittests/Makefile commands

## ---------------- ##
## Cache variables. ##
## ---------------- ##

ac_cv_build=x86_64-unknown-linux-gnu
ac_cv_c_compiler_gnu=yes
ac_cv_cxx_compiler_gnu=yes
ac_cv_env_CCC_set=
ac_cv_env_CCC_value=
ac_cv_env_CC_set=
ac_cv_env_CC_value=
ac_cv_env_CFLAGS_set=
ac_cv_env_CFLAGS_value=
ac_cv_env_CPPFLAGS_set=
ac_cv_env_CPPFLAGS_value=
ac_cv_env_CPP_set=
ac_cv_env_CPP_value=
ac_cv_env_CXXCPP_set=
ac_cv_env_CXXCPP_value=
ac_cv_env_CXXFLAGS_set=
ac_cv_env_CXXFLAGS_value=
ac_cv_env_CXX_set=
ac_cv_env_CXX_value=
ac_cv_env_LDFLAGS_set=
ac_cv_env_LDFLAGS_value=
ac_cv_env_build_alias_set=
ac_cv_env_build_alias_value=
ac_cv_env_host_alias_set=
ac_cv_env_host_alias_value=
ac_cv_env_target_alias_set=
ac_cv_env_target_alias_value=
ac_cv_header_inttypes_h=yes
ac_cv_header_memory_h=yes
ac_cv_header_selinux_selinux_h=no
ac_cv_header_stdc=yes
ac_cv_header_stdint_h=yes
ac_cv_header_stdlib_h=yes
ac_cv_header_stp_c_interface_h=yes
ac_cv_header_string_h=yes
ac_cv_header_strings_h=yes
ac_cv_header_sys_acl_h=no
ac_cv_header_sys_stat_h=yes
ac_cv_header_sys_types_h=yes
ac_cv_header_unistd_h=yes
ac_cv_host=x86_64-unknown-linux-gnu
ac_cv_lib_stp_vc_setInterfaceFlags=yes
ac_cv_objext=o
ac_cv_path_EGREP='/bin/grep -E'
ac_cv_path_GREP=/bin/grep
ac_cv_prog_CPP='gcc -E'
ac_cv_prog_CXXCPP='g++ -E'
ac_cv_prog_ac_ct_CC=gcc
ac_cv_prog_ac_ct_CXX=g++
ac_cv_prog_cc_c89=
ac_cv_prog_cc_g=yes
ac_cv_prog_cxx_g=yes
ac_cv_target=x86_64-unknown-linux-gnu

## ----------------- ##
## Output variables. ##
## ----------------- ##

CC='gcc'
CFLAGS='-g -O2'
CPP='gcc -E'
CPPFLAGS=''
CXX='g++'
CXXCPP='g++ -E'
CXXFLAGS='-g -O2'
DEFS='-DHAVE_CONFIG_H'
ECHO_C=''
ECHO_N='-n'
ECHO_T=''
EGREP='/bin/grep -E'
ENABLE_EXT_STP='1'
ENABLE_POSIX_RUNTIME='1'
ENABLE_UCLIBC='1'
EXEEXT=''
GREP='/bin/grep'
HAVE_SELINUX='0'
KLEE_UCLIBC=''
LDFLAGS=''
LIBOBJS=''
LIBS='-lstp '
LLVM_BUILD_MODE='Release+Asserts'
LLVM_IS_RELEASE='1'
LLVM_OBJ='/home/ubuntu/CLAP/llvm-2.9'
LLVM_SRC='/home/ubuntu/CLAP/llvm-2.9'
LLVM_VERSION_MAJOR='2'
LLVM_VERSION_MINOR='9'
LTLIBOBJS=''
OBJEXT='o'
PACKAGE_BUGREPORT='daniel@minormatter.com'
PACKAGE_NAME='KLEE'
PACKAGE_STRING='KLEE 0.01'
PACKAGE_TARNAME='-klee-'
PACKAGE_VERSION='0.01'
PATH_SEPARATOR=':'
REQUIRES_RTTI='0'
RUNTIME_CONFIGURATION=''
RUNTIME_DISABLE_ASSERTIONS='0'
RUNTIME_ENABLE_OPTIMIZED='1'
SHELL='/bin/bash'
STP_ROOT='/home/ubuntu/CLAP/stp_install'
ac_ct_CC='gcc'
ac_ct_CXX='g++'
bindir='${exec_prefix}/bin'
build='x86_64-unknown-linux-gnu'
build_alias=''
build_cpu='x86_64'
build_os='linux-gnu'
build_vendor='unknown'
datadir='${datarootdir}'
datarootdir='${prefix}/share'
docdir='${datarootdir}/doc/${PACKAGE_TARNAME}'
dvidir='${docdir}'
exec_prefix='${prefix}'
host='x86_64-unknown-linux-gnu'
host_alias=''
host_cpu='x86_64'
host_os='linux-gnu'
host_vendor='unknown'
htmldir='${docdir}'
includedir='${prefix}/include'
infodir='${datarootdir}/info'
libdir='${exec_prefix}/lib'
libexecdir='${exec_prefix}/libexec'
localedir='${datarootdir}/locale'
localstatedir='${prefix}/var'
mandir='${datarootdir}/man'
oldincludedir='/usr/include'
pdfdir='${docdir}'
prefix='/usr/local'
program_transform_name='s,x,x,'
psdir='${docdir}'
sbindir='${exec_prefix}/sbin'
sharedstatedir='${prefix}/com'
sysconfdir='${prefix}/etc'
target='x86_64-unknown-linux-gnu'
target_alias=''
target_cpu='x86_64'
target_os='linux-gnu'
target_vendor='unknown'

## ----------- ##
## confdefs.h. ##
## ----------- ##

#define PACKAGE_NAME "KLEE"
#define PACKAGE_TARNAME "-klee-"
#define PACKAGE_VERSION "0.01"
#define PACKAGE_STRING "KLEE 0.01"
#define PACKAGE_BUGREPORT "daniel@minormatter.com"
#define LLVM_VERSION_MAJOR 2
#define LLVM_VERSION_MINOR 9
#define LLVM_IS_RELEASE 1
#define KLEE_UCLIBC "/home/ubuntu/CLAP/klee-uclibc-0.02-x64"
#define RUNTIME_CONFIGURATION "Release+Asserts"
#define HAVE_CTYPE_EXTERNALS 1
#define STDC_HEADERS 1
#define HAVE_SYS_TYPES_H 1
#define HAVE_SYS_STAT_H 1
#define HAVE_STDLIB_H 1
#define HAVE_STRING_H 1
#define HAVE_MEMORY_H 1
#define HAVE_STRINGS_H 1
#define HAVE_INTTYPES_H 1
#define HAVE_STDINT_H 1
#define HAVE_UNISTD_H 1
#define HAVE_LIBSTP 1
#define HAVE_EXT_STP 1

configure: exit 0
